1723508927.944615 client started (48947): version 3.4, socket /tmp/tmux-0/default, protocol 8
1723508927.944643 on Linux 6.10.3-arch1-1 #1 SMP PREEMPT_DYNAMIC Sun, 04 Aug 2024 05:11:32 +0000
1723508927.944646 using libevent 2.1.12-stable poll
1723508927.944648 using ncurses 6.5 20240427
1723508927.944663 flags are 0x10010000
1723508927.944674 socket is /tmp/tmux-0/default
1723508927.944685 trying connect
1723508927.944751 add peer 0x614d5147a8d0: 6 ((nil))
1723508927.945069 sending message 100 to peer 0x614d5147a8d0 (4 bytes)
1723508927.945076 sending message 111 to peer 0x614d5147a8d0 (8 bytes)
1723508927.945079 sending message 101 to peer 0x614d5147a8d0 (14 bytes)
1723508927.945081 sending message 109 to peer 0x614d5147a8d0 (4 bytes)
1723508927.945084 sending message 102 to peer 0x614d5147a8d0 (11 bytes)
1723508927.945086 sending message 108 to peer 0x614d5147a8d0 (47 bytes)
1723508927.945089 sending message 112 to peer 0x614d5147a8d0 (70 bytes)
1723508927.945092 sending message 112 to peer 0x614d5147a8d0 (5 bytes)
1723508927.945095 sending message 112 to peer 0x614d5147a8d0 (5 bytes)
1723508927.945097 sending message 112 to peer 0x614d5147a8d0 (6 bytes)
1723508927.945100 sending message 112 to peer 0x614d5147a8d0 (6 bytes)
1723508927.945103 sending message 112 to peer 0x614d5147a8d0 (11 bytes)
1723508927.945105 sending message 112 to peer 0x614d5147a8d0 (10 bytes)
1723508927.945108 sending message 112 to peer 0x614d5147a8d0 (13 bytes)
1723508927.945110 sending message 112 to peer 0x614d5147a8d0 (13 bytes)
1723508927.945112 sending message 112 to peer 0x614d5147a8d0 (18 bytes)
1723508927.945115 sending message 112 to peer 0x614d5147a8d0 (11 bytes)
1723508927.945118 sending message 112 to peer 0x614d5147a8d0 (10 bytes)
1723508927.945120 sending message 112 to peer 0x614d5147a8d0 (15 bytes)
1723508927.945123 sending message 112 to peer 0x614d5147a8d0 (21 bytes)
1723508927.945125 sending message 112 to peer 0x614d5147a8d0 (13 bytes)
1723508927.945128 sending message 112 to peer 0x614d5147a8d0 (7 bytes)
1723508927.945130 sending message 112 to peer 0x614d5147a8d0 (13 bytes)
1723508927.945132 sending message 112 to peer 0x614d5147a8d0 (7 bytes)
1723508927.945135 sending message 112 to peer 0x614d5147a8d0 (13 bytes)
1723508927.945137 sending message 112 to peer 0x614d5147a8d0 (9 bytes)
1723508927.945140 sending message 112 to peer 0x614d5147a8d0 (21 bytes)
1723508927.945142 sending message 112 to peer 0x614d5147a8d0 (13 bytes)
1723508927.945145 sending message 112 to peer 0x614d5147a8d0 (8 bytes)
1723508927.945147 sending message 112 to peer 0x614d5147a8d0 (12 bytes)
1723508927.945150 sending message 112 to peer 0x614d5147a8d0 (13 bytes)
1723508927.945152 sending message 112 to peer 0x614d5147a8d0 (9 bytes)
1723508927.945155 sending message 112 to peer 0x614d5147a8d0 (9 bytes)
1723508927.945158 sending message 112 to peer 0x614d5147a8d0 (12 bytes)
1723508927.945160 sending message 112 to peer 0x614d5147a8d0 (8 bytes)
1723508927.945163 sending message 112 to peer 0x614d5147a8d0 (8 bytes)
1723508927.945165 sending message 112 to peer 0x614d5147a8d0 (7 bytes)
1723508927.945168 sending message 112 to peer 0x614d5147a8d0 (7 bytes)
1723508927.945170 sending message 112 to peer 0x614d5147a8d0 (9 bytes)
1723508927.945172 sending message 112 to peer 0x614d5147a8d0 (13 bytes)
1723508927.945175 sending message 112 to peer 0x614d5147a8d0 (6 bytes)
1723508927.945177 sending message 112 to peer 0x614d5147a8d0 (9 bytes)
1723508927.945180 sending message 112 to peer 0x614d5147a8d0 (15 bytes)
1723508927.945183 sending message 112 to peer 0x614d5147a8d0 (13 bytes)
1723508927.945185 sending message 112 to peer 0x614d5147a8d0 (12 bytes)
1723508927.945188 sending message 112 to peer 0x614d5147a8d0 (8 bytes)
1723508927.945190 sending message 112 to peer 0x614d5147a8d0 (14 bytes)
1723508927.945192 sending message 112 to peer 0x614d5147a8d0 (11 bytes)
1723508927.945195 sending message 112 to peer 0x614d5147a8d0 (9 bytes)
1723508927.945197 sending message 112 to peer 0x614d5147a8d0 (10 bytes)
1723508927.945200 sending message 112 to peer 0x614d5147a8d0 (10 bytes)
1723508927.945209 sending message 112 to peer 0x614d5147a8d0 (10 bytes)
1723508927.945212 sending message 112 to peer 0x614d5147a8d0 (10 bytes)
1723508927.945214 sending message 112 to peer 0x614d5147a8d0 (11 bytes)
1723508927.945217 sending message 112 to peer 0x614d5147a8d0 (12 bytes)
1723508927.945219 sending message 112 to peer 0x614d5147a8d0 (12 bytes)
1723508927.945222 sending message 112 to peer 0x614d5147a8d0 (12 bytes)
1723508927.945224 sending message 112 to peer 0x614d5147a8d0 (12 bytes)
1723508927.945227 sending message 112 to peer 0x614d5147a8d0 (12 bytes)
1723508927.945229 sending message 112 to peer 0x614d5147a8d0 (11 bytes)
1723508927.945232 sending message 112 to peer 0x614d5147a8d0 (11 bytes)
1723508927.945234 sending message 112 to peer 0x614d5147a8d0 (12 bytes)
1723508927.945237 sending message 112 to peer 0x614d5147a8d0 (12 bytes)
1723508927.945239 sending message 112 to peer 0x614d5147a8d0 (12 bytes)
1723508927.945241 sending message 112 to peer 0x614d5147a8d0 (12 bytes)
1723508927.945244 sending message 112 to peer 0x614d5147a8d0 (12 bytes)
1723508927.945247 sending message 112 to peer 0x614d5147a8d0 (10 bytes)
1723508927.945249 sending message 112 to peer 0x614d5147a8d0 (12 bytes)
1723508927.945252 sending message 112 to peer 0x614d5147a8d0 (13 bytes)
1723508927.945254 sending message 112 to peer 0x614d5147a8d0 (13 bytes)
1723508927.945256 sending message 112 to peer 0x614d5147a8d0 (13 bytes)
1723508927.945259 sending message 112 to peer 0x614d5147a8d0 (13 bytes)
1723508927.945261 sending message 112 to peer 0x614d5147a8d0 (13 bytes)
1723508927.945264 sending message 112 to peer 0x614d5147a8d0 (8 bytes)
1723508927.945266 sending message 112 to peer 0x614d5147a8d0 (11 bytes)
1723508927.945269 sending message 112 to peer 0x614d5147a8d0 (11 bytes)
1723508927.945271 sending message 112 to peer 0x614d5147a8d0 (11 bytes)
1723508927.945273 sending message 112 to peer 0x614d5147a8d0 (12 bytes)
1723508927.945276 sending message 112 to peer 0x614d5147a8d0 (12 bytes)
1723508927.945278 sending message 112 to peer 0x614d5147a8d0 (12 bytes)
1723508927.945281 sending message 112 to peer 0x614d5147a8d0 (12 bytes)
1723508927.945283 sending message 112 to peer 0x614d5147a8d0 (13 bytes)
1723508927.945286 sending message 112 to peer 0x614d5147a8d0 (13 bytes)
1723508927.945288 sending message 112 to peer 0x614d5147a8d0 (13 bytes)
1723508927.945291 sending message 112 to peer 0x614d5147a8d0 (8 bytes)
1723508927.945293 sending message 112 to peer 0x614d5147a8d0 (13 bytes)
1723508927.945295 sending message 112 to peer 0x614d5147a8d0 (13 bytes)
1723508927.945298 sending message 112 to peer 0x614d5147a8d0 (13 bytes)
1723508927.945300 sending message 112 to peer 0x614d5147a8d0 (13 bytes)
1723508927.945303 sending message 112 to peer 0x614d5147a8d0 (13 bytes)
1723508927.945305 sending message 112 to peer 0x614d5147a8d0 (12 bytes)
1723508927.945308 sending message 112 to peer 0x614d5147a8d0 (12 bytes)
1723508927.945310 sending message 112 to peer 0x614d5147a8d0 (12 bytes)
1723508927.945313 sending message 112 to peer 0x614d5147a8d0 (12 bytes)
1723508927.945315 sending message 112 to peer 0x614d5147a8d0 (13 bytes)
1723508927.945318 sending message 112 to peer 0x614d5147a8d0 (8 bytes)
1723508927.945320 sending message 112 to peer 0x614d5147a8d0 (13 bytes)
1723508927.945323 sending message 112 to peer 0x614d5147a8d0 (13 bytes)
1723508927.945325 sending message 112 to peer 0x614d5147a8d0 (13 bytes)
1723508927.945328 sending message 112 to peer 0x614d5147a8d0 (13 bytes)
1723508927.945330 sending message 112 to peer 0x614d5147a8d0 (13 bytes)
1723508927.945333 sending message 112 to peer 0x614d5147a8d0 (13 bytes)
1723508927.945335 sending message 112 to peer 0x614d5147a8d0 (13 bytes)
1723508927.945337 sending message 112 to peer 0x614d5147a8d0 (12 bytes)
1723508927.945340 sending message 112 to peer 0x614d5147a8d0 (12 bytes)
1723508927.945342 sending message 112 to peer 0x614d5147a8d0 (12 bytes)
1723508927.945345 sending message 112 to peer 0x614d5147a8d0 (8 bytes)
1723508927.945347 sending message 112 to peer 0x614d5147a8d0 (12 bytes)
1723508927.945353 sending message 112 to peer 0x614d5147a8d0 (13 bytes)
1723508927.945355 sending message 112 to peer 0x614d5147a8d0 (13 bytes)
1723508927.945358 sending message 112 to peer 0x614d5147a8d0 (13 bytes)
1723508927.945360 sending message 112 to peer 0x614d5147a8d0 (13 bytes)
1723508927.945363 sending message 112 to peer 0x614d5147a8d0 (13 bytes)
1723508927.945365 sending message 112 to peer 0x614d5147a8d0 (13 bytes)
1723508927.945368 sending message 112 to peer 0x614d5147a8d0 (13 bytes)
1723508927.945370 sending message 112 to peer 0x614d5147a8d0 (13 bytes)
1723508927.945373 sending message 112 to peer 0x614d5147a8d0 (12 bytes)
1723508927.945375 sending message 112 to peer 0x614d5147a8d0 (10 bytes)
1723508927.945378 sending message 112 to peer 0x614d5147a8d0 (12 bytes)
1723508927.945380 sending message 112 to peer 0x614d5147a8d0 (12 bytes)
1723508927.945383 sending message 112 to peer 0x614d5147a8d0 (12 bytes)
1723508927.945385 sending message 112 to peer 0x614d5147a8d0 (13 bytes)
1723508927.945388 sending message 112 to peer 0x614d5147a8d0 (13 bytes)
1723508927.945390 sending message 112 to peer 0x614d5147a8d0 (13 bytes)
1723508927.945392 sending message 112 to peer 0x614d5147a8d0 (13 bytes)
1723508927.945395 sending message 112 to peer 0x614d5147a8d0 (13 bytes)
1723508927.945397 sending message 112 to peer 0x614d5147a8d0 (13 bytes)
1723508927.945400 sending message 112 to peer 0x614d5147a8d0 (13 bytes)
1723508927.945402 sending message 112 to peer 0x614d5147a8d0 (10 bytes)
1723508927.945404 sending message 112 to peer 0x614d5147a8d0 (13 bytes)
1723508927.945407 sending message 112 to peer 0x614d5147a8d0 (12 bytes)
1723508927.945409 sending message 112 to peer 0x614d5147a8d0 (12 bytes)
1723508927.945412 sending message 112 to peer 0x614d5147a8d0 (12 bytes)
1723508927.945414 sending message 112 to peer 0x614d5147a8d0 (10 bytes)
1723508927.945417 sending message 112 to peer 0x614d5147a8d0 (10 bytes)
1723508927.945419 sending message 112 to peer 0x614d5147a8d0 (10 bytes)
1723508927.945421 sending message 112 to peer 0x614d5147a8d0 (12 bytes)
1723508927.945424 sending message 112 to peer 0x614d5147a8d0 (13 bytes)
1723508927.945426 sending message 112 to peer 0x614d5147a8d0 (13 bytes)
1723508927.945429 sending message 112 to peer 0x614d5147a8d0 (13 bytes)
1723508927.945431 sending message 112 to peer 0x614d5147a8d0 (13 bytes)
1723508927.945434 sending message 112 to peer 0x614d5147a8d0 (13 bytes)
1723508927.945436 sending message 112 to peer 0x614d5147a8d0 (11 bytes)
1723508927.945438 sending message 112 to peer 0x614d5147a8d0 (11 bytes)
1723508927.945441 sending message 112 to peer 0x614d5147a8d0 (12 bytes)
1723508927.945443 sending message 112 to peer 0x614d5147a8d0 (12 bytes)
1723508927.945446 sending message 112 to peer 0x614d5147a8d0 (12 bytes)
1723508927.945448 sending message 112 to peer 0x614d5147a8d0 (12 bytes)
1723508927.945451 sending message 112 to peer 0x614d5147a8d0 (12 bytes)
1723508927.945453 sending message 112 to peer 0x614d5147a8d0 (11 bytes)
1723508927.945456 sending message 112 to peer 0x614d5147a8d0 (12 bytes)
1723508927.945458 sending message 112 to peer 0x614d5147a8d0 (12 bytes)
1723508927.945460 sending message 112 to peer 0x614d5147a8d0 (13 bytes)
1723508927.945463 sending message 112 to peer 0x614d5147a8d0 (13 bytes)
1723508927.945465 sending message 112 to peer 0x614d5147a8d0 (13 bytes)
1723508927.945468 sending message 112 to peer 0x614d5147a8d0 (13 bytes)
1723508927.945470 sending message 112 to peer 0x614d5147a8d0 (13 bytes)
1723508927.945473 sending message 112 to peer 0x614d5147a8d0 (10 bytes)
1723508927.945475 sending message 112 to peer 0x614d5147a8d0 (9 bytes)
1723508927.945478 sending message 112 to peer 0x614d5147a8d0 (12 bytes)
1723508927.945480 sending message 112 to peer 0x614d5147a8d0 (13 bytes)
1723508927.945483 sending message 112 to peer 0x614d5147a8d0 (13 bytes)
1723508927.945485 sending message 112 to peer 0x614d5147a8d0 (13 bytes)
1723508927.945488 sending message 112 to peer 0x614d5147a8d0 (13 bytes)
1723508927.945490 sending message 112 to peer 0x614d5147a8d0 (13 bytes)
1723508927.945495 sending message 112 to peer 0x614d5147a8d0 (9 bytes)
1723508927.945497 sending message 112 to peer 0x614d5147a8d0 (12 bytes)
1723508927.945500 sending message 112 to peer 0x614d5147a8d0 (13 bytes)
1723508927.945502 sending message 112 to peer 0x614d5147a8d0 (13 bytes)
1723508927.945505 sending message 112 to peer 0x614d5147a8d0 (13 bytes)
1723508927.945507 sending message 112 to peer 0x614d5147a8d0 (13 bytes)
1723508927.945510 sending message 112 to peer 0x614d5147a8d0 (13 bytes)
1723508927.945512 sending message 112 to peer 0x614d5147a8d0 (11 bytes)
1723508927.945515 sending message 112 to peer 0x614d5147a8d0 (12 bytes)
1723508927.945517 sending message 112 to peer 0x614d5147a8d0 (13 bytes)
1723508927.945519 sending message 112 to peer 0x614d5147a8d0 (13 bytes)
1723508927.945522 sending message 112 to peer 0x614d5147a8d0 (13 bytes)
1723508927.945525 sending message 112 to peer 0x614d5147a8d0 (13 bytes)
1723508927.945527 sending message 112 to peer 0x614d5147a8d0 (13 bytes)
1723508927.945530 sending message 112 to peer 0x614d5147a8d0 (11 bytes)
1723508927.945532 sending message 112 to peer 0x614d5147a8d0 (12 bytes)
1723508927.945535 sending message 112 to peer 0x614d5147a8d0 (12 bytes)
1723508927.945537 sending message 112 to peer 0x614d5147a8d0 (12 bytes)
1723508927.945539 sending message 112 to peer 0x614d5147a8d0 (12 bytes)
1723508927.945542 sending message 112 to peer 0x614d5147a8d0 (12 bytes)
1723508927.945544 sending message 112 to peer 0x614d5147a8d0 (21 bytes)
1723508927.945547 sending message 112 to peer 0x614d5147a8d0 (12 bytes)
1723508927.945550 sending message 112 to peer 0x614d5147a8d0 (9 bytes)
1723508927.945553 sending message 112 to peer 0x614d5147a8d0 (6 bytes)
1723508927.945555 sending message 112 to peer 0x614d5147a8d0 (13 bytes)
1723508927.945558 sending message 112 to peer 0x614d5147a8d0 (8 bytes)
1723508927.945560 sending message 112 to peer 0x614d5147a8d0 (15 bytes)
1723508927.945563 sending message 112 to peer 0x614d5147a8d0 (13 bytes)
1723508927.945566 sending message 112 to peer 0x614d5147a8d0 (9 bytes)
1723508927.945568 sending message 112 to peer 0x614d5147a8d0 (70 bytes)
1723508927.945571 sending message 112 to peer 0x614d5147a8d0 (69 bytes)
1723508927.945573 sending message 112 to peer 0x614d5147a8d0 (10 bytes)
1723508927.945576 sending message 112 to peer 0x614d5147a8d0 (10 bytes)
1723508927.945578 sending message 112 to peer 0x614d5147a8d0 (8 bytes)
1723508927.945581 sending message 112 to peer 0x614d5147a8d0 (15 bytes)
1723508927.945583 sending message 112 to peer 0x614d5147a8d0 (13 bytes)
1723508927.945586 sending message 112 to peer 0x614d5147a8d0 (10 bytes)
1723508927.945589 sending message 112 to peer 0x614d5147a8d0 (10 bytes)
1723508927.945591 sending message 112 to peer 0x614d5147a8d0 (17 bytes)
1723508927.945594 sending message 112 to peer 0x614d5147a8d0 (10 bytes)
1723508927.945597 sending message 112 to peer 0x614d5147a8d0 (13 bytes)
1723508927.945599 sending message 112 to peer 0x614d5147a8d0 (9 bytes)
1723508927.945602 sending message 112 to peer 0x614d5147a8d0 (5 bytes)
1723508927.945605 sending message 112 to peer 0x614d5147a8d0 (15 bytes)
1723508927.945608 sending message 104 to peer 0x614d5147a8d0 (0 bytes)
1723508927.945611 sending message 110 to peer 0x614d5147a8d0 (0 bytes)
1723508927.945614 sending message 107 to peer 0x614d5147a8d0 (4 bytes)
1723508927.945617 sending message 105 to peer 0x614d5147a8d0 (16 bytes)
1723508927.945619 sending message 105 to peer 0x614d5147a8d0 (20 bytes)
1723508927.945622 sending message 105 to peer 0x614d5147a8d0 (11 bytes)
1723508927.945625 sending message 105 to peer 0x614d5147a8d0 (12 bytes)
1723508927.945627 sending message 105 to peer 0x614d5147a8d0 (11 bytes)
1723508927.945630 sending message 105 to peer 0x614d5147a8d0 (17 bytes)
1723508927.945633 sending message 105 to peer 0x614d5147a8d0 (23 bytes)
1723508927.945635 sending message 105 to peer 0x614d5147a8d0 (30 bytes)
1723508927.945638 sending message 105 to peer 0x614d5147a8d0 (27 bytes)
1723508927.945640 sending message 105 to peer 0x614d5147a8d0 (24 bytes)
1723508927.945645 sending message 105 to peer 0x614d5147a8d0 (20 bytes)
1723508927.945648 sending message 105 to peer 0x614d5147a8d0 (23 bytes)
1723508927.945651 sending message 105 to peer 0x614d5147a8d0 (21 bytes)
1723508927.945653 sending message 105 to peer 0x614d5147a8d0 (25 bytes)
1723508927.945656 sending message 105 to peer 0x614d5147a8d0 (20 bytes)
1723508927.945658 sending message 105 to peer 0x614d5147a8d0 (13 bytes)
1723508927.945661 sending message 105 to peer 0x614d5147a8d0 (1905 bytes)
1723508927.945677 sending message 105 to peer 0x614d5147a8d0 (20 bytes)
1723508927.945680 sending message 105 to peer 0x614d5147a8d0 (54 bytes)
1723508927.945683 sending message 105 to peer 0x614d5147a8d0 (158 bytes)
1723508927.945686 sending message 105 to peer 0x614d5147a8d0 (51 bytes)
1723508927.945689 sending message 105 to peer 0x614d5147a8d0 (27 bytes)
1723508927.945692 sending message 105 to peer 0x614d5147a8d0 (15 bytes)
1723508927.945694 sending message 105 to peer 0x614d5147a8d0 (8 bytes)
1723508927.945696 sending message 105 to peer 0x614d5147a8d0 (30 bytes)
1723508927.945699 sending message 105 to peer 0x614d5147a8d0 (14 bytes)
1723508927.945702 sending message 105 to peer 0x614d5147a8d0 (14 bytes)
1723508927.945704 sending message 105 to peer 0x614d5147a8d0 (22 bytes)
1723508927.945707 sending message 105 to peer 0x614d5147a8d0 (19 bytes)
1723508927.945709 sending message 105 to peer 0x614d5147a8d0 (19 bytes)
1723508927.945712 sending message 105 to peer 0x614d5147a8d0 (18 bytes)
1723508927.945714 sending message 105 to peer 0x614d5147a8d0 (25 bytes)
1723508927.945717 sending message 105 to peer 0x614d5147a8d0 (33 bytes)
1723508927.945719 sending message 105 to peer 0x614d5147a8d0 (13 bytes)
1723508927.945722 sending message 105 to peer 0x614d5147a8d0 (10 bytes)
1723508927.945725 sending message 105 to peer 0x614d5147a8d0 (29 bytes)
1723508927.945727 sending message 105 to peer 0x614d5147a8d0 (28 bytes)
1723508927.945730 sending message 105 to peer 0x614d5147a8d0 (16 bytes)
1723508927.945732 sending message 105 to peer 0x614d5147a8d0 (50 bytes)
1723508927.945735 sending message 105 to peer 0x614d5147a8d0 (114 bytes)
1723508927.945738 sending message 105 to peer 0x614d5147a8d0 (21 bytes)
1723508927.945740 sending message 105 to peer 0x614d5147a8d0 (11 bytes)
1723508927.945743 sending message 105 to peer 0x614d5147a8d0 (8 bytes)
1723508927.945746 sending message 105 to peer 0x614d5147a8d0 (32 bytes)
1723508927.945749 sending message 106 to peer 0x614d5147a8d0 (0 bytes)
1723508927.945799 sending message 200 to peer 0x614d5147a8d0 (4 bytes)
1723508927.945802 client loop enter
1723508927.946255 peer 0x614d5147a8d0 message 303
1723508927.946262 open write file 2 -
1723508927.946271 sending message 305 to peer 0x614d5147a8d0 (8 bytes)
1723508927.946286 write check file 2
1723508927.946461 peer 0x614d5147a8d0 message 304
1723508927.946468 write 58 to file 2
1723508927.946473 peer 0x614d5147a8d0 message 203
1723508927.946475 file 2 58 bytes left
1723508927.946490 write check file 2
1723508927.946492 client loop exit
